c:\users\muzammil\documents\visual studio 2015\projects\project1\project1\debug\vc140.pdb
c:\users\muzammil\documents\visual studio 2015\projects\project1\project1\debug\vc140.idb
c:\users\muzammil\documents\visual studio 2015\projects\project1\project1\debug\01_hello_sdl.obj
c:\users\muzammil\documents\visual studio 2015\projects\project1\project1\debug\06_extension_libraries_and_loading_other_image_formats.obj
c:\users\muzammil\documents\visual studio 2015\projects\project1\project1\debug\enemy_easy.obj
c:\users\muzammil\documents\visual studio 2015\projects\project1\project1\debug\enemy_hard.obj
c:\users\muzammil\documents\visual studio 2015\projects\project1\project1\debug\enemy_medium.obj
c:\users\muzammil\documents\visual studio 2015\projects\project1\project1\debug\explosion.obj
c:\users\muzammil\documents\visual studio 2015\projects\project1\project1\debug\game_menu.obj
c:\users\muzammil\documents\visual studio 2015\projects\project1\project1\debug\game_play.obj
c:\users\muzammil\documents\visual studio 2015\projects\project1\project1\debug\health_up.obj
c:\users\muzammil\documents\visual studio 2015\projects\project1\project1\debug\ltexture.obj
c:\users\muzammil\documents\visual studio 2015\projects\project1\project1\debug\main.obj
c:\users\muzammil\documents\visual studio 2015\projects\project1\project1\debug\player.obj
c:\users\muzammil\documents\visual studio 2015\projects\project1\project1\debug\player_bullet.obj
c:\users\muzammil\documents\visual studio 2015\projects\project1\project1\debug\player_homing_missile.obj
c:\users\muzammil\documents\visual studio 2015\projects\project1\project1\debug\player_straight_missile.obj
c:\users\muzammil\documents\visual studio 2015\projects\project1\project1\debug\power_up_homing_missile.obj
c:\users\muzammil\documents\visual studio 2015\projects\project1\project1\debug\power_up_straight_missile.obj
c:\users\muzammil\documents\visual studio 2015\projects\project1\project1\debug\screens.obj
c:\users\muzammil\documents\visual studio 2015\projects\project1\project1\debug\word.obj
c:\users\muzammil\documents\visual studio 2015\projects\project1\project1\debug\background.obj
c:\users\muzammil\documents\visual studio 2015\projects\project1\project1\debug\button.obj
c:\users\muzammil\documents\visual studio 2015\projects\project1\project1\debug\character.obj
c:\users\muzammil\documents\visual studio 2015\projects\project1\project1\debug\enemy_bullet.obj
c:\users\muzammil\documents\visual studio 2015\projects\project1\project1\debug\file_io.obj
c:\users\muzammil\documents\visual studio 2015\projects\project1\project1\debug\unit.obj
c:\users\muzammil\documents\visual studio 2015\projects\project1\project1\debug\queue.obj
c:\users\muzammil\documents\visual studio 2015\projects\project1\debug\project1.pdb
c:\users\muzammil\documents\visual studio 2015\projects\project1\debug\project1.exe
c:\users\muzammil\documents\visual studio 2015\projects\project1\debug\project1.ilk
c:\users\muzammil\documents\visual studio 2015\projects\project1\project1\debug\project1.tlog\cl.command.1.tlog
c:\users\muzammil\documents\visual studio 2015\projects\project1\project1\debug\project1.tlog\cl.read.1.tlog
c:\users\muzammil\documents\visual studio 2015\projects\project1\project1\debug\project1.tlog\cl.write.1.tlog
c:\users\muzammil\documents\visual studio 2015\projects\project1\project1\debug\project1.tlog\link.command.1.tlog
c:\users\muzammil\documents\visual studio 2015\projects\project1\project1\debug\project1.tlog\link.read.1.tlog
c:\users\muzammil\documents\visual studio 2015\projects\project1\project1\debug\project1.tlog\link.write.1.tlog
